[2018-06-07 10:37:48,697]  INFO {NOTIFY_EVENT_LOGGER} -  
Event{
  streamId='org.wso2telco.analytics.hub.stream.responseStatistics:1.0.0',
  timeStamp=1528346268697,
  metaData=[],
  correlationData=[],
  payloadData=[ISyT6SqDzcWNieFziykxaEm6lBYa, /payment/v1, v1, payment, /tel%3A%2B8801815439442/transactions/amount, POST, v1, 1528346268679, 225, AJRATech@carbon.super, , mife-gateway.robi.com.bd, admin, VDOClub, , 1, 200, , north-bound, {"amountTransaction":{"endUserId":"tel:+8801815439442","serverReferenceCode":"RO185749968-1528346268676","resourceURL":"https://api.robi.com.bd/payment/tel%3A%2B8801815439442/transactions/amount1528346268465PA117019749633","transactionOperationStatus":"Failed","clientCorrelator":"383433873865","referenceCode":"383433873865","paymentAmount":{"totalAmountCharged":"0","chargingInformation":{"amount":"2","description":"VDOClub","currency":"BDT"},"chargingMetaData":{"onBehalfOf":"Ajra Tech Ltd"}}}}, 46, AJRATech, ISyT6SqDzcWNieFziykxaEm6lBYa, ROBI, 1, 7, , 117],
  arbitraryDataMap={},
}
[2018-06-07 10:37:48,697]  INFO {NOTIFY_EVENT_LOGGER} -  
Event{
  streamId='org.wso2telco.analytics.hub.stream.responseStatistics:1.0.0',
  timeStamp=1528346268697,
  metaData=[],
  correlationData=[],
  payloadData=[ISyT6SqDzcWNieFziykxaEm6lBYa, /payment/v1, v1, payment, /tel%3A%2B8801815439442/transactions/amount, POST, v1, 1528346268679, 225, AJRATech@carbon.super, , mife-gateway.robi.com.bd, admin, VDOClub, , 1, 200, , north-bound, {"amountTransaction":{"endUserId":"tel:+8801815439442","serverReferenceCode":"RO185749968-1528346268676","resourceURL":"https://api.robi.com.bd/payment/tel%3A%2B8801815439442/transactions/amount1528346268465PA117019749633","transactionOperationStatus":"Failed","clientCorrelator":"383433873865","referenceCode":"383433873865","paymentAmount":{"totalAmountCharged":"0","chargingInformation":{"amount":"2","description":"VDOClub","currency":"BDT"},"chargingMetaData":{"onBehalfOf":"Ajra Tech Ltd"}}}}, 46, AJRATech, ISyT6SqDzcWNieFziykxaEm6lBYa, ROBI, 1, 7, , 117],
  arbitraryDataMap={},
}
[2018-06-07 10:37:48,697]  INFO {NOTIFY_EVENT_LOGGER} -  
Event{
  streamId='org.wso2telco.analytics.hub.stream.responseStatistics:1.0.0',
  timeStamp=1528346268697,
  metaData=[],
  correlationData=[],
  payloadData=[ISyT6SqDzcWNieFziykxaEm6lBYa, /payment/v1, v1, payment, /tel%3A%2B8801815439442/transactions/amount, POST, v1, 1528346268679, 225, AJRATech@carbon.super, , mife-gateway.robi.com.bd, admin, VDOClub, , 1, 200, , north-bound, {"amountTransaction":{"endUserId":"tel:+8801815439442","serverReferenceCode":"RO185749968-1528346268676","resourceURL":"https://api.robi.com.bd/payment/tel%3A%2B8801815439442/transactions/amount1528346268465PA117019749633","transactionOperationStatus":"Failed","clientCorrelator":"383433873865","referenceCode":"383433873865","paymentAmount":{"totalAmountCharged":"0","chargingInformation":{"amount":"2","description":"VDOClub","currency":"BDT"},"chargingMetaData":{"onBehalfOf":"Ajra Tech Ltd"}}}}, 46, AJRATech, ISyT6SqDzcWNieFziykxaEm6lBYa, ROBI, 1, 7, , 117],
  arbitraryDataMap={},
}
